<?xml version="1.0" encoding="UTF-8"?>
<testng-results skipped="0" failed="0" ignored="0" total="1" passed="1">
  <reporter-output>
  </reporter-output>
  <suite name="Suite" duration-ms="9311" started-at="2019-08-27T11:44:04Z" finished-at="2019-08-27T11:44:13Z">
    <groups>
    </groups>
    <test name="Test" duration-ms="9311" started-at="2019-08-27T11:44:04Z" finished-at="2019-08-27T11:44:13Z">
      <class name="test.Test1">
        <test-method status="PASS" signature="testm()[pri:0, instance:test.Test1@380fb434]" name="testm" duration-ms="9278" started-at="2019-08-27T11:44:04Z" finished-at="2019-08-27T11:44:13Z">
          <reporter-output>
          </reporter-output>
        </test-method> <!-- testm -->
      </class> <!-- test.Test1 -->
    </test> <!-- Test -->
  </suite> <!-- Suite -->
</testng-results>
