<?xml version="1.0" encoding="UTF-8"?>
<testng-results skipped="0" failed="0" total="1" passed="1">
  <reporter-output>
  </reporter-output>
  <suite name="Suite" duration-ms="5543" started-at="2019-08-27T07:58:45Z" finished-at="2019-08-27T07:58:51Z">
    <groups>
    </groups>
    <test name="Test" duration-ms="5543" started-at="2019-08-27T07:58:45Z" finished-at="2019-08-27T07:58:51Z">
      <class name="test.Test1">
        <test-method status="PASS" signature="testm()[pri:0, instance:test.Test1@7c16905e]" name="testm" duration-ms="5526" started-at="2019-08-27T13:28:45Z" finished-at="2019-08-27T13:28:51Z">
          <reporter-output>
          </reporter-output>
        </test-method> <!-- testm -->
      </class> <!-- test.Test1 -->
    </test> <!-- Test -->
  </suite> <!-- Suite -->
</testng-results>
